# JRE version: Java(TM) SE Runtime Environment (7.0_79-b15) (build 1.7.0_79-b15)
# Java VM: Java HotSpot(TM) 64-Bit Server VM (24.79-b02 mixed mode bsd-amd64 compressed oops)
Heap
 PSYoungGen      total 2796544K, used 714753K [0x0000000700000000, 0x0000000800000000, 0x0000000800000000)
  eden space 1398784K, 0% used [0x0000000700000000,0x0000000700000000,0x0000000755600000)
  from space 1397760K, 51% used [0x0000000755600000,0x00000007810004d8,0x00000007aab00000)
  to   space 1397760K, 0% used [0x00000007aab00000,0x00000007aab00000,0x0000000800000000)
 ParOldGen       total 8388608K, used 7608539K [0x0000000500000000, 0x0000000700000000, 0x0000000700000000)
  object space 8388608K, 90% used [0x0000000500000000,0x00000006d0636e88,0x0000000700000000)
 PSPermGen       total 21504K, used 14865K [0x00000004fae00000, 0x00000004fc300000, 0x0000000500000000)
  object space 21504K, 69% used [0x00000004fae00000,0x00000004fbc84658,0x00000004fc300000)
GC Heap History (10 events):
Event: 44499.282 GC heap after
Heap after GC invocations=3703 (full 413):
 PSYoungGen      total 2796544K, used 450705K [0x0000000700000000, 0x0000000800000000, 0x0000000800000000)
  eden space 1398784K, 0% used [0x0000000700000000,0x0000000700000000,0x0000000755600000)
  from space 1397760K, 32% used [0x0000000755600000,0x0000000770e244d0,0x00000007aab00000)
  to   space 1397760K, 0% used [0x00000007aab00000,0x00000007aab00000,0x0000000800000000)
 ParOldGen       total 8388608K, used 6192892K [0x0000000500000000, 0x0000000700000000, 0x0000000700000000)
  object space 8388608K, 73% used [0x0000000500000000,0x0000000679fbf020,0x0000000700000000)
 PSPermGen       total 21504K, used 14865K [0x00000004fae00000, 0x00000004fc300000, 0x0000000500000000)
  object space 21504K, 69% used [0x00000004fae00000,0x00000004fbc84658,0x00000004fc300000)
}
Event: 44509.656 GC heap before
{Heap before GC invocations=3704 (full 413):
 PSYoungGen      total 2796544K, used 1849421K [0x0000000700000000, 0x0000000800000000, 0x0000000800000000)
  eden space 1398784K, 99% used [0x0000000700000000,0x00000007555ef108,0x0000000755600000)
  from space 1397760K, 32% used [0x0000000755600000,0x0000000770e244d0,0x00000007aab00000)
  to   space 1397760K, 0% used [0x00000007aab00000,0x00000007aab00000,0x0000000800000000)
 ParOldGen       total 8388608K, used 6192892K [0x0000000500000000, 0x0000000700000000, 0x0000000700000000)
  object space 8388608K, 73% used [0x0000000500000000,0x0000000679fbf020,0x0000000700000000)
 PSPermGen       total 21504K, used 14865K [0x00000004fae00000, 0x00000004fc300000, 0x0000000500000000)
  object space 21504K, 69% used [0x00000004fae00000,0x00000004fbc84658,0x00000004fc300000)
Event: 44509.875 GC heap after
Heap after GC invocations=3704 (full 413):
 PSYoungGen      total 2796544K, used 511350K [0x0000000700000000, 0x0000000800000000, 0x0000000800000000)
  eden space 1398784K, 0% used [0x0000000700000000,0x0000000700000000,0x0000000755600000)
  from space 1397760K, 36% used [0x00000007aab00000,0x00000007c9e5da98,0x0000000800000000)
  to   space 1397760K, 0% used [0x0000000755600000,0x0000000755600000,0x00000007aab00000)
 ParOldGen       total 8388608K, used 6521340K [0x0000000500000000, 0x0000000700000000, 0x0000000700000000)
  object space 8388608K, 77% used [0x0000000500000000,0x000000068e07f018,0x0000000700000000)
 PSPermGen       total 21504K, used 14865K [0x00000004fae00000, 0x00000004fc300000, 0x0000000500000000)
  object space 21504K, 69% used [0x00000004fae00000,0x00000004fbc84658,0x00000004fc300000)
}
Event: 44543.728 GC heap before
{Heap before GC invocations=3705 (full 413):
 PSYoungGen      total 2796544K, used 1910134K [0x0000000700000000, 0x0000000800000000, 0x0000000800000000)
  eden space 1398784K, 100% used [0x0000000700000000,0x0000000755600000,0x0000000755600000)
  from space 1397760K, 36% used [0x00000007aab00000,0x00000007c9e5da98,0x0000000800000000)
  to   space 1397760K, 0% used [0x0000000755600000,0x0000000755600000,0x00000007aab00000)
 ParOldGen       total 8388608K, used 6521340K [0x0000000500000000, 0x0000000700000000, 0x0000000700000000)
  object space 8388608K, 77% used [0x0000000500000000,0x000000068e07f018,0x0000000700000000)
 PSPermGen       total 21504K, used 14865K [0x00000004fae00000, 0x00000004fc300000, 0x0000000500000000)
  object space 21504K, 69% used [0x00000004fae00000,0x00000004fbc84658,0x00000004fc300000)
Event: 44543.967 GC heap after
Heap after GC invocations=3705 (full 413):
 PSYoungGen      total 2796544K, used 369892K [0x0000000700000000, 0x0000000800000000, 0x0000000800000000)
  eden space 1398784K, 0% used [0x0000000700000000,0x0000000700000000,0x0000000755600000)
  from space 1397760K, 26% used [0x0000000755600000,0x000000076bf39218,0x00000007aab00000)
  to   space 1397760K, 0% used [0x00000007aab00000,0x00000007aab00000,0x0000000800000000)
 ParOldGen       total 8388608K, used 6886288K [0x0000000500000000, 0x0000000700000000, 0x0000000700000000)
  object space 8388608K, 82% used [0x0000000500000000,0x00000006a44e4298,0x0000000700000000)
 PSPermGen       total 21504K, used 14865K [0x00000004fae00000, 0x00000004fc300000, 0x0000000500000000)
  object space 21504K, 69% used [0x00000004fae00000,0x00000004fbc84658,0x00000004fc300000)
}
Event: 44559.419 GC heap before
{Heap before GC invocations=3706 (full 413):
 PSYoungGen      total 2796544K, used 1768676K [0x0000000700000000, 0x0000000800000000, 0x0000000800000000)
  eden space 1398784K, 100% used [0x0000000700000000,0x0000000755600000,0x0000000755600000)
  from space 1397760K, 26% used [0x0000000755600000,0x000000076bf39218,0x00000007aab00000)
  to   space 1397760K, 0% used [0x00000007aab00000,0x00000007aab00000,0x0000000800000000)
 ParOldGen       total 8388608K, used 6886288K [0x0000000500000000, 0x0000000700000000, 0x0000000700000000)
  object space 8388608K, 82% used [0x0000000500000000,0x00000006a44e4298,0x0000000700000000)
 PSPermGen       total 21504K, used 14865K [0x00000004fae00000, 0x00000004fc300000, 0x0000000500000000)
  object space 21504K, 69% used [0x00000004fae00000,0x00000004fbc84658,0x00000004fc300000)
Event: 44559.827 GC heap after
Heap after GC invocations=3706 (full 413):
 PSYoungGen      total 2796544K, used 525945K [0x0000000700000000, 0x0000000800000000, 0x0000000800000000)
  eden space 1398784K, 0% used [0x0000000700000000,0x0000000700000000,0x0000000755600000)
  from space 1397760K, 37% used [0x00000007aab00000,0x00000007cac9e6d8,0x0000000800000000)
  to   space 1397760K, 0% used [0x0000000755600000,0x0000000755600000,0x00000007aab00000)
 ParOldGen       total 8388608K, used 7192739K [0x0000000500000000, 0x0000000700000000, 0x0000000700000000)
  object space 8388608K, 85% used [0x0000000500000000,0x00000006b7028e30,0x0000000700000000)
 PSPermGen       total 21504K, used 14865K [0x00000004fae00000, 0x00000004fc300000, 0x0000000500000000)
  object space 21504K, 69% used [0x00000004fae00000,0x00000004fbc84658,0x00000004fc300000)
}
Event: 44567.043 GC heap before
{Heap before GC invocations=3707 (full 413):
 PSYoungGen      total 2796544K, used 1924729K [0x0000000700000000, 0x0000000800000000, 0x0000000800000000)
  eden space 1398784K, 100% used [0x0000000700000000,0x0000000755600000,0x0000000755600000)
  from space 1397760K, 37% used [0x00000007aab00000,0x00000007cac9e6d8,0x0000000800000000)
  to   space 1397760K, 0% used [0x0000000755600000,0x0000000755600000,0x00000007aab00000)
 ParOldGen       total 8388608K, used 7192739K [0x0000000500000000, 0x0000000700000000, 0x0000000700000000)
  object space 8388608K, 85% used [0x0000000500000000,0x00000006b7028e30,0x0000000700000000)
 PSPermGen       total 21504K, used 14865K [0x00000004fae00000, 0x00000004fc300000, 0x0000000500000000)
  object space 21504K, 69% used [0x00000004fae00000,0x00000004fbc84658,0x00000004fc300000)
Event: 44567.350 GC heap after
Heap after GC invocations=3707 (full 413):
 PSYoungGen      total 2796544K, used 714753K [0x0000000700000000, 0x0000000800000000, 0x0000000800000000)
  eden space 1398784K, 0% used [0x0000000700000000,0x0000000700000000,0x0000000755600000)
  from space 1397760K, 51% used [0x0000000755600000,0x00000007810004d8,0x00000007aab00000)
  to   space 1397760K, 0% used [0x00000007aab00000,0x00000007aab00000,0x0000000800000000)
 ParOldGen       total 8388608K, used 7608539K [0x0000000500000000, 0x0000000700000000, 0x0000000700000000)
  object space 8388608K, 90% used [0x0000000500000000,0x00000006d0636e88,0x0000000700000000)
 PSPermGen       total 21504K, used 14865K [0x00000004fae00000, 0x00000004fc300000, 0x0000000500000000)
  object space 21504K, 69% used [0x00000004fae00000,0x00000004fbc84658,0x00000004fc300000)
}
Event: 44567.350 GC heap before
{Heap before GC invocations=3708 (full 414):
 PSYoungGen      total 2796544K, used 714753K [0x0000000700000000, 0x0000000800000000, 0x0000000800000000)
  eden space 1398784K, 0% used [0x0000000700000000,0x0000000700000000,0x0000000755600000)
  from space 1397760K, 51% used [0x0000000755600000,0x00000007810004d8,0x00000007aab00000)
  to   space 1397760K, 0% used [0x00000007aab00000,0x00000007aab00000,0x0000000800000000)
 ParOldGen       total 8388608K, used 7608539K [0x0000000500000000, 0x0000000700000000, 0x0000000700000000)
  object space 8388608K, 90% used [0x0000000500000000,0x00000006d0636e88,0x0000000700000000)
 PSPermGen       total 21504K, used 14865K [0x00000004fae00000, 0x00000004fc300000, 0x0000000500000000)
  object space 21504K, 69% used [0x00000004fae00000,0x00000004fbc84658,0x00000004fc300000)

