# JRE version: Java(TM) SE Runtime Environment (7.0_79-b15) (build 1.7.0_79-b15)
# Java VM: Java HotSpot(TM) 64-Bit Server VM (24.79-b02 mixed mode bsd-amd64 compressed oops)
Heap
 PSYoungGen      total 2796544K, used 2138560K [0x0000000700000000, 0x0000000800000000, 0x0000000800000000)
  eden space 1398784K, 100% used [0x0000000700000000,0x0000000755600000,0x0000000755600000)
  from space 1397760K, 52% used [0x00000007aab00000,0x00000007d7d70000,0x0000000800000000)
  to   space 1397760K, 0% used [0x0000000755600000,0x0000000755610000,0x00000007aab00000)
 ParOldGen       total 8388608K, used 7150111K [0x0000000500000000, 0x0000000700000000, 0x0000000700000000)
  object space 8388608K, 85% used [0x0000000500000000,0x00000006b469a970,0x0000000700000000)
 PSPermGen       total 21504K, used 14617K [0x00000004fae00000, 0x00000004fc300000, 0x0000000500000000)
  object space 21504K, 67% used [0x00000004fae00000,0x00000004fbc467f0,0x00000004fc300000)
GC Heap History (10 events):
Event: 1486.997 GC heap after
Heap after GC invocations=166 (full 31):
 PSYoungGen      total 2796544K, used 455362K [0x0000000700000000, 0x0000000800000000, 0x0000000800000000)
  eden space 1398784K, 0% used [0x0000000700000000,0x0000000700000000,0x0000000755600000)
  from space 1397760K, 32% used [0x0000000755600000,0x00000007712b0b10,0x00000007aab00000)
  to   space 1397760K, 0% used [0x00000007aab00000,0x00000007aab00000,0x0000000800000000)
 ParOldGen       total 8388608K, used 7892063K [0x0000000500000000, 0x0000000700000000, 0x0000000700000000)
  object space 8388608K, 94% used [0x0000000500000000,0x00000006e1b17e78,0x0000000700000000)
 PSPermGen       total 21504K, used 14617K [0x00000004fae00000, 0x00000004fc300000, 0x0000000500000000)
  object space 21504K, 67% used [0x00000004fae00000,0x00000004fbc467f0,0x00000004fc300000)
}
Event: 1486.997 GC heap before
{Heap before GC invocations=167 (full 32):
 PSYoungGen      total 2796544K, used 455362K [0x0000000700000000, 0x0000000800000000, 0x0000000800000000)
  eden space 1398784K, 0% used [0x0000000700000000,0x0000000700000000,0x0000000755600000)
  from space 1397760K, 32% used [0x0000000755600000,0x00000007712b0b10,0x00000007aab00000)
  to   space 1397760K, 0% used [0x00000007aab00000,0x00000007aab00000,0x0000000800000000)
 ParOldGen       total 8388608K, used 7892063K [0x0000000500000000, 0x0000000700000000, 0x0000000700000000)
  object space 8388608K, 94% used [0x0000000500000000,0x00000006e1b17e78,0x0000000700000000)
 PSPermGen       total 21504K, used 14617K [0x00000004fae00000, 0x00000004fc300000, 0x0000000500000000)
  object space 21504K, 67% used [0x00000004fae00000,0x00000004fbc467f0,0x00000004fc300000)
Event: 1487.715 GC heap after
Heap after GC invocations=167 (full 32):
 PSYoungGen      total 2796544K, used 0K [0x0000000700000000, 0x0000000800000000, 0x0000000800000000)
  eden space 1398784K, 0% used [0x0000000700000000,0x0000000700000000,0x0000000755600000)
  from space 1397760K, 0% used [0x0000000755600000,0x0000000755600000,0x00000007aab00000)
  to   space 1397760K, 0% used [0x00000007aab00000,0x00000007aab00000,0x0000000800000000)
 ParOldGen       total 8388608K, used 8183324K [0x0000000500000000, 0x0000000700000000, 0x0000000700000000)
  object space 8388608K, 97% used [0x0000000500000000,0x00000006f37873d0,0x0000000700000000)
 PSPermGen       total 21504K, used 14617K [0x00000004fae00000, 0x00000004fc300000, 0x0000000500000000)
  object space 21504K, 67% used [0x00000004fae00000,0x00000004fbc467f0,0x00000004fc300000)
}
Event: 1518.178 GC heap before
{Heap before GC invocations=168 (full 33):
 PSYoungGen      total 2796544K, used 1398784K [0x0000000700000000, 0x0000000800000000, 0x0000000800000000)
  eden space 1398784K, 100% used [0x0000000700000000,0x0000000755600000,0x0000000755600000)
  from space 1397760K, 0% used [0x0000000755600000,0x0000000755600000,0x00000007aab00000)
  to   space 1397760K, 0% used [0x00000007aab00000,0x00000007aab00000,0x0000000800000000)
 ParOldGen       total 8388608K, used 8183324K [0x0000000500000000, 0x0000000700000000, 0x0000000700000000)
  object space 8388608K, 97% used [0x0000000500000000,0x00000006f37873d0,0x0000000700000000)
 PSPermGen       total 21504K, used 14617K [0x00000004fae00000, 0x00000004fc300000, 0x0000000500000000)
  object space 21504K, 67% used [0x00000004fae00000,0x00000004fbc467f0,0x00000004fc300000)
Event: 1519.568 GC heap after
Heap after GC invocations=168 (full 33):
 PSYoungGen      total 2796544K, used 0K [0x0000000700000000, 0x0000000800000000, 0x0000000800000000)
  eden space 1398784K, 0% used [0x0000000700000000,0x0000000700000000,0x0000000755600000)
  from space 1397760K, 0% used [0x0000000755600000,0x0000000755600000,0x00000007aab00000)
  to   space 1397760K, 0% used [0x00000007aab00000,0x00000007aab00000,0x0000000800000000)
 ParOldGen       total 8388608K, used 7837509K [0x0000000500000000, 0x0000000700000000, 0x0000000700000000)
  object space 8388608K, 93% used [0x0000000500000000,0x00000006de5d1428,0x0000000700000000)
 PSPermGen       total 21504K, used 14617K [0x00000004fae00000, 0x00000004fc300000, 0x0000000500000000)
  object space 21504K, 67% used [0x00000004fae00000,0x00000004fbc467f0,0x00000004fc300000)
}
Event: 1521.312 GC heap before
{Heap before GC invocations=169 (full 34):
 PSYoungGen      total 2796544K, used 1398784K [0x0000000700000000, 0x0000000800000000, 0x0000000800000000)
  eden space 1398784K, 100% used [0x0000000700000000,0x0000000755600000,0x0000000755600000)
  from space 1397760K, 0% used [0x0000000755600000,0x0000000755600000,0x00000007aab00000)
  to   space 1397760K, 0% used [0x00000007aab00000,0x00000007aab00000,0x0000000800000000)
 ParOldGen       total 8388608K, used 7837509K [0x0000000500000000, 0x0000000700000000, 0x0000000700000000)
  object space 8388608K, 93% used [0x0000000500000000,0x00000006de5d1428,0x0000000700000000)
 PSPermGen       total 21504K, used 14617K [0x00000004fae00000, 0x00000004fc300000, 0x0000000500000000)
  object space 21504K, 67% used [0x00000004fae00000,0x00000004fbc467f0,0x00000004fc300000)
Event: 1522.495 GC heap after
Heap after GC invocations=169 (full 34):
 PSYoungGen      total 2796544K, used 0K [0x0000000700000000, 0x0000000800000000, 0x0000000800000000)
  eden space 1398784K, 0% used [0x0000000700000000,0x0000000700000000,0x0000000755600000)
  from space 1397760K, 0% used [0x0000000755600000,0x0000000755600000,0x00000007aab00000)
  to   space 1397760K, 0% used [0x00000007aab00000,0x00000007aab00000,0x0000000800000000)
 ParOldGen       total 8388608K, used 7104147K [0x0000000500000000, 0x0000000700000000, 0x0000000700000000)
  object space 8388608K, 84% used [0x0000000500000000,0x00000006b19a4d38,0x0000000700000000)
 PSPermGen       total 21504K, used 14617K [0x00000004fae00000, 0x00000004fc300000, 0x0000000500000000)
  object space 21504K, 67% used [0x00000004fae00000,0x00000004fbc467f0,0x00000004fc300000)
}
Event: 1530.139 GC heap before
{Heap before GC invocations=170 (full 34):
 PSYoungGen      total 2796544K, used 1398784K [0x0000000700000000, 0x0000000800000000, 0x0000000800000000)
  eden space 1398784K, 100% used [0x0000000700000000,0x0000000755600000,0x0000000755600000)
  from space 1397760K, 0% used [0x0000000755600000,0x0000000755600000,0x00000007aab00000)
  to   space 1397760K, 0% used [0x00000007aab00000,0x00000007aab00000,0x0000000800000000)
 ParOldGen       total 8388608K, used 7104147K [0x0000000500000000, 0x0000000700000000, 0x0000000700000000)
  object space 8388608K, 84% used [0x0000000500000000,0x00000006b19a4d38,0x0000000700000000)
 PSPermGen       total 21504K, used 14617K [0x00000004fae00000, 0x00000004fc300000, 0x0000000500000000)
  object space 21504K, 67% used [0x00000004fae00000,0x00000004fbc467f0,0x00000004fc300000)
Event: 1530.282 GC heap after
Heap after GC invocations=170 (full 34):
 PSYoungGen      total 2796544K, used 739776K [0x0000000700000000, 0x0000000800000000, 0x0000000800000000)
  eden space 1398784K, 0% used [0x0000000700000000,0x0000000700000000,0x0000000755600000)
  from space 1397760K, 52% used [0x00000007aab00000,0x00000007d7d70000,0x0000000800000000)
  to   space 1397760K, 0% used [0x0000000755600000,0x0000000755600000,0x00000007aab00000)
 ParOldGen       total 8388608K, used 7104147K [0x0000000500000000, 0x0000000700000000, 0x0000000700000000)
  object space 8388608K, 84% used [0x0000000500000000,0x00000006b19a4d38,0x0000000700000000)
 PSPermGen       total 21504K, used 14617K [0x00000004fae00000, 0x00000004fc300000, 0x0000000500000000)
  object space 21504K, 67% used [0x00000004fae00000,0x00000004fbc467f0,0x00000004fc300000)
}
Event: 1562.391 GC heap before
{Heap before GC invocations=171 (full 34):
 PSYoungGen      total 2796544K, used 2138560K [0x0000000700000000, 0x0000000800000000, 0x0000000800000000)
  eden space 1398784K, 100% used [0x0000000700000000,0x0000000755600000,0x0000000755600000)
  from space 1397760K, 52% used [0x00000007aab00000,0x00000007d7d70000,0x0000000800000000)
  to   space 1397760K, 0% used [0x0000000755600000,0x0000000755600000,0x00000007aab00000)
 ParOldGen       total 8388608K, used 7104147K [0x0000000500000000, 0x0000000700000000, 0x0000000700000000)
  object space 8388608K, 84% used [0x0000000500000000,0x00000006b19a4d38,0x0000000700000000)
 PSPermGen       total 21504K, used 14617K [0x00000004fae00000, 0x00000004fc300000, 0x0000000500000000)
  object space 21504K, 67% used [0x00000004fae00000,0x00000004fbc467f0,0x00000004fc300000)

