# JRE version: OpenJDK Runtime Environment (8.0_91-b14) (build 1.8.0_91-8u91-b14-3ubuntu1~16.04.1-b14)
# Java VM: OpenJDK 64-Bit Server VM (25.91-b14 mixed mode linux-amd64 )
Heap:
 PSYoungGen      total 10175488K, used 3180967K [0x00007f61cfb00000, 0x00007f64b6b00000, 0x00007f6665000000)
  eden space 8269824K, 25% used [0x00007f61cfb00000,0x00007f6251bd5ec0,0x00007f63c8700000)
  from space 1905664K, 55% used [0x00007f6442600000,0x00007f6482794018,0x00007f64b6b00000)
  to   space 1951744K, 0% used [0x00007f63c8700000,0x00007f63c8700000,0x00007f643f900000)
 ParOldGen       total 3771392K, used 1787078K [0x00007f58a5000000, 0x00007f598b300000, 0x00007f61cfb00000)
  object space 3771392K, 47% used [0x00007f58a5000000,0x00007f5912131bf0,0x00007f598b300000)
 Metaspace       used 19009K, capacity 19395K, committed 19712K, reserved 20480K
GC Heap History (10 events):
Event: 99260.787 GC heap before
{Heap before GC invocations=49 (full 7):
 PSYoungGen      total 9279488K, used 8591084K [0x00007f61cfb00000, 0x00007f648fb80000, 0x00007f6665000000)
  eden space 7582208K, 100% used [0x00007f61cfb00000,0x00007f639e780000,0x00007f639e780000)
  from space 1697280K, 59% used [0x00007f639e780000,0x00007f63dc0bb190,0x00007f6406100000)
  to   space 1765888K, 0% used [0x00007f6423f00000,0x00007f6423f00000,0x00007f648fb80000)
 ParOldGen       total 3771392K, used 1787062K [0x00007f58a5000000, 0x00007f598b300000, 0x00007f61cfb00000)
  object space 3771392K, 47% used [0x00007f58a5000000,0x00007f591212dbf0,0x00007f598b300000)
 Metaspace       used 18955K, capacity 19331K, committed 19712K, reserved 20480K
Event: 99261.079 GC heap after
Heap after GC invocations=49 (full 7):
 PSYoungGen      total 9684992K, used 1077496K [0x00007f61cfb00000, 0x00007f6493780000, 0x00007f6665000000)
  eden space 7919104K, 0% used [0x00007f61cfb00000,0x00007f61cfb00000,0x00007f63b3080000)
  from space 1765888K, 61% used [0x00007f6423f00000,0x00007f6465b3e0e0,0x00007f648fb80000)
  to   space 1838592K, 0% used [0x00007f63b3080000,0x00007f63b3080000,0x00007f6423400000)
 ParOldGen       total 3771392K, used 1787070K [0x00007f58a5000000, 0x00007f598b300000, 0x00007f61cfb00000)
  object space 3771392K, 47% used [0x00007f58a5000000,0x00007f591212fbf0,0x00007f598b300000)
 Metaspace       used 18955K, capacity 19331K, committed 19712K, reserved 20480K
}
Event: 117736.674 GC heap before
{Heap before GC invocations=50 (full 7):
 PSYoungGen      total 9684992K, used 8996600K [0x00007f61cfb00000, 0x00007f6493780000, 0x00007f6665000000)
  eden space 7919104K, 100% used [0x00007f61cfb00000,0x00007f63b3080000,0x00007f63b3080000)
  from space 1765888K, 61% used [0x00007f6423f00000,0x00007f6465b3e0e0,0x00007f648fb80000)
  to   space 1838592K, 0% used [0x00007f63b3080000,0x00007f63b3080000,0x00007f6423400000)
 ParOldGen       total 3771392K, used 1787070K [0x00007f58a5000000, 0x00007f598b300000, 0x00007f61cfb00000)
  object space 3771392K, 47% used [0x00007f58a5000000,0x00007f591212fbf0,0x00007f598b300000)
 Metaspace       used 18996K, capacity 19395K, committed 19712K, reserved 20480K
Event: 117736.841 GC heap after
Heap after GC invocations=50 (full 7):
 PSYoungGen      total 9757696K, used 1048886K [0x00007f61cfb00000, 0x00007f64a9800000, 0x00007f6665000000)
  eden space 7919104K, 0% used [0x00007f61cfb00000,0x00007f61cfb00000,0x00007f63b3080000)
  from space 1838592K, 57% used [0x00007f63b3080000,0x00007f63f30cdbc8,0x00007f6423400000)
  to   space 1880064K, 0% used [0x00007f6436c00000,0x00007f6436c00000,0x00007f64a9800000)
 ParOldGen       total 3771392K, used 1787078K [0x00007f58a5000000, 0x00007f598b300000, 0x00007f61cfb00000)
  object space 3771392K, 47% used [0x00007f58a5000000,0x00007f5912131bf0,0x00007f598b300000)
 Metaspace       used 18996K, capacity 19395K, committed 19712K, reserved 20480K
}
Event: 137523.291 GC heap before
{Heap before GC invocations=51 (full 7):
 PSYoungGen      total 9757696K, used 8967990K [0x00007f61cfb00000, 0x00007f64a9800000, 0x00007f6665000000)
  eden space 7919104K, 100% used [0x00007f61cfb00000,0x00007f63b3080000,0x00007f63b3080000)
  from space 1838592K, 57% used [0x00007f63b3080000,0x00007f63f30cdbc8,0x00007f6423400000)
  to   space 1880064K, 0% used [0x00007f6436c00000,0x00007f6436c00000,0x00007f64a9800000)
 ParOldGen       total 3771392K, used 1787078K [0x00007f58a5000000, 0x00007f598b300000, 0x00007f61cfb00000)
  object space 3771392K, 47% used [0x00007f58a5000000,0x00007f5912131bf0,0x00007f598b300000)
 Metaspace       used 19001K, capacity 19395K, committed 19712K, reserved 20480K
Event: 137523.458 GC heap after
Heap after GC invocations=51 (full 7):
 PSYoungGen      total 10016768K, used 1121756K [0x00007f61cfb00000, 0x00007f64ac200000, 0x00007f6665000000)
  eden space 8136704K, 0% used [0x00007f61cfb00000,0x00007f61cfb00000,0x00007f63c0500000)
  from space 1880064K, 59% used [0x00007f6436c00000,0x00007f647b3770c0,0x00007f64a9800000)
  to   space 1931776K, 0% used [0x00007f63c0500000,0x00007f63c0500000,0x00007f6436380000)
 ParOldGen       total 3771392K, used 1787078K [0x00007f58a5000000, 0x00007f598b300000, 0x00007f61cfb00000)
  object space 3771392K, 47% used [0x00007f58a5000000,0x00007f5912131bf0,0x00007f598b300000)
 Metaspace       used 19001K, capacity 19395K, committed 19712K, reserved 20480K
}
Event: 164888.002 GC heap before
{Heap before GC invocations=52 (full 7):
 PSYoungGen      total 10016768K, used 9258460K [0x00007f61cfb00000, 0x00007f64ac200000, 0x00007f6665000000)
  eden space 8136704K, 100% used [0x00007f61cfb00000,0x00007f63c0500000,0x00007f63c0500000)
  from space 1880064K, 59% used [0x00007f6436c00000,0x00007f647b3770c0,0x00007f64a9800000)
  to   space 1931776K, 0% used [0x00007f63c0500000,0x00007f63c0500000,0x00007f6436380000)
 ParOldGen       total 3771392K, used 1787078K [0x00007f58a5000000, 0x00007f598b300000, 0x00007f61cfb00000)
  object space 3771392K, 47% used [0x00007f58a5000000,0x00007f5912131bf0,0x00007f598b300000)
 Metaspace       used 19004K, capacity 19395K, committed 19712K, reserved 20480K
Event: 164888.136 GC heap after
Heap after GC invocations=52 (full 7):
 PSYoungGen      total 10068480K, used 1101070K [0x00007f61cfb00000, 0x00007f64b9e00000, 0x00007f6665000000)
  eden space 8136704K, 0% used [0x00007f61cfb00000,0x00007f61cfb00000,0x00007f63c0500000)
  from space 1931776K, 56% used [0x00007f63c0500000,0x00007f6403843af0,0x00007f6436380000)
  to   space 1957888K, 0% used [0x00007f6442600000,0x00007f6442600000,0x00007f64b9e00000)
 ParOldGen       total 3771392K, used 1787078K [0x00007f58a5000000, 0x00007f598b300000, 0x00007f61cfb00000)
  object space 3771392K, 47% used [0x00007f58a5000000,0x00007f5912131bf0,0x00007f598b300000)
 Metaspace       used 19004K, capacity 19395K, committed 19712K, reserved 20480K
}
Event: 191327.461 GC heap before
{Heap before GC invocations=53 (full 7):
 PSYoungGen      total 10068480K, used 9237774K [0x00007f61cfb00000, 0x00007f64b9e00000, 0x00007f6665000000)
  eden space 8136704K, 100% used [0x00007f61cfb00000,0x00007f63c0500000,0x00007f63c0500000)
  from space 1931776K, 56% used [0x00007f63c0500000,0x00007f6403843af0,0x00007f6436380000)
  to   space 1957888K, 0% used [0x00007f6442600000,0x00007f6442600000,0x00007f64b9e00000)
 ParOldGen       total 3771392K, used 1787078K [0x00007f58a5000000, 0x00007f598b300000, 0x00007f61cfb00000)
  object space 3771392K, 47% used [0x00007f58a5000000,0x00007f5912131bf0,0x00007f598b300000)
 Metaspace       used 19005K, capacity 19395K, committed 19712K, reserved 20480K
Event: 191327.562 GC heap after
Heap after GC invocations=53 (full 7):
 PSYoungGen      total 10175488K, used 1050192K [0x00007f61cfb00000, 0x00007f64b6b00000, 0x00007f6665000000)
  eden space 8269824K, 0% used [0x00007f61cfb00000,0x00007f61cfb00000,0x00007f63c8700000)
  from space 1905664K, 55% used [0x00007f6442600000,0x00007f6482794018,0x00007f64b6b00000)
  to   space 1951744K, 0% used [0x00007f63c8700000,0x00007f63c8700000,0x00007f643f900000)
 ParOldGen       total 3771392K, used 1787078K [0x00007f58a5000000, 0x00007f598b300000, 0x00007f61cfb00000)
  object space 3771392K, 47% used [0x00007f58a5000000,0x00007f5912131bf0,0x00007f598b300000)
 Metaspace       used 19005K, capacity 19395K, committed 19712K, reserved 20480K
}

